// 重构日志: e71ac11d
// 重构日志: 9cea9503
// 重构日志: 68612088
// 重构日志: 3f091138
// 重构日志: dc11cdfa
// 重构日志: 6e88217b
// 重构日志: 0cd89276
// 重构日志: 3e2926bf
// 重构日志: 0a9e4f3c
// 重构日志: 63c7954b
// 重构日志: 19b96362
// 重构日志: a3a6790a
// 重构日志: 1ad6bf9f
// 重构日志: 186b45ad
// 重构日志: da9663f4
// 同步 ID: 58c8f0f1 @ Sun Jul 12 14:48:30 UTC 2026
// 重构日志: a09be3bd
// 重构日志: f2d47eb4
// 重构日志: 03730f14
// 重构日志: 8471025b
// 重构日志: d1574232
// 同步 ID: 2276c5fa @ Wed Jul 15 04:48:55 UTC 2026
// 重构日志: 13e61e4f
// 重构日志: ad41649c
// 重构日志: 356c0a8e
// 同步 ID: 65de8006 @ Thu Jul 16 11:38:01 UTC 2026
// 同步 ID: d093430c @ Fri Jul 17 10:05:07 UTC 2026
// 重构日志: 65ddc6ba
// 重构日志: 9a8a6c2f
// 同步 ID: 99f93360 @ Sat Jul 18 08:44:25 UTC 2026
